<?xml version="1.0" encoding="UTF-8"?>
<!-- Generated by org.testng.reporters.JUnitReportReporter -->
<testsuite hostname="DESKTOP-ROLOOPG" failures="0" tests="5" name="com.Salesforce.automationscripts.SFUserMenuDropdown" time="110.268" errors="0" timestamp="2024-02-19T19:00:38 CST" skipped="0">
  <testcase classname="com.Salesforce.automationscripts.SFUserMenuDropdown" name="TC06MyProfile" time="27.473"/>
  <system-out/>
  <testcase classname="com.Salesforce.automationscripts.SFUserMenuDropdown" name="TC07MySettings" time="25.807"/>
  <system-out/>
  <testcase classname="com.Salesforce.automationscripts.SFUserMenuDropdown" name="TC08DeveloperConsole" time="25.084"/>
  <system-out/>
  <testcase classname="com.Salesforce.automationscripts.SFUserMenuDropdown" name="TC09LogOut" time="16.841"/>
  <system-out/>
  <testcase classname="com.Salesforce.automationscripts.SFUserMenuDropdown" name="TC05SelectUserMenu" time="15.063"/>
  <system-out/>
</testsuite> <!-- com.Salesforce.automationscripts.SFUserMenuDropdown -->
