<?xml version="1.0" encoding="UTF-8"?>
<!-- Generated by org.testng.reporters.JUnitReportReporter -->
<testsuite hostname="DESKTOP-ROLOOPG" failures="0" tests="5" name="com.Salesforce.automationscripts.SFLoginAutomationScript" time="57.202" errors="0" timestamp="2024-02-19T19:00:38 CST" skipped="0">
  <testcase classname="com.Salesforce.automationscripts.SFLoginAutomationScript" name="TC4AForgotPassword" time="8.757"/>
  <system-out/>
  <testcase classname="com.Salesforce.automationscripts.SFLoginAutomationScript" name="TC1ErrormsgEmptyPassword" time="10.522"/>
  <system-out/>
  <testcase classname="com.Salesforce.automationscripts.SFLoginAutomationScript" name="TC3RememberCheckboxUsername" time="15.065"/>
  <system-out/>
  <testcase classname="com.Salesforce.automationscripts.SFLoginAutomationScript" name="TC2HomepageDisplay" time="12.342"/>
  <system-out/>
  <testcase classname="com.Salesforce.automationscripts.SFLoginAutomationScript" name="TC4BErrormsgWrongIdPassword" time="10.516"/>
  <system-out/>
</testsuite> <!-- com.Salesforce.automationscripts.SFLoginAutomationScript -->
